Table columns: ["id","guid","countryGuid","cityName","status"]
Processing column: countryGuid with relation: Array
(
    [table] => country
    [column] => guid
    [select] => nativeName
)

Joins array: ["LEFT JOIN country AS country_countryGuid ON city.countryGuid = country_countryGuid.guid"]
Select array: ["city.*","city.countryGuid AS countryGuid_raw","COALESCE(country_countryGuid.nativeName, '') AS countryGuid"]
Filters: [{"column":"cityName","operator":"LIKE","value":"H","text":"\u015eehir Ad\u0131 \u0130\u00e7erir H"}]
Search: ""
Order: [{"column":"id","dir":"asc"}]
WHERE clause: WHERE city.cityName LIKE ?
JOIN clause: LEFT JOIN country AS country_countryGuid ON city.countryGuid = country_countryGuid.guid
SELECT clause: city.*, city.countryGuid AS countryGuid_raw, COALESCE(country_countryGuid.nativeName, '') AS countryGuid
Count query: SELECT COUNT(DISTINCT city.id) as total FROM city LEFT JOIN country AS country_countryGuid ON city.countryGuid = country_countryGuid.guid WHERE city.cityName LIKE ?
Final query: SELECT city.*, city.countryGuid AS countryGuid_raw, COALESCE(country_countryGuid.nativeName, '') AS countryGuid FROM city LEFT JOIN country AS country_countryGuid ON city.countryGuid = country_countryGuid.guid WHERE city.cityName LIKE ? ORDER BY id asc LIMIT ?, ?
Final params: Array
(
    [0] => %H%
    [1] => 0
    [2] => 10
)

Table columns: ["id","guid","countryGuid","cityName","status"]
Processing column: countryGuid with relation: Array
(
    [table] => country
    [column] => guid
    [select] => nativeName
)

Joins array: ["LEFT JOIN country AS country_countryGuid ON city.countryGuid = country_countryGuid.guid"]
Select array: ["city.*","city.countryGuid AS countryGuid_raw","COALESCE(country_countryGuid.nativeName, '') AS countryGuid"]
Filters: [{"column":"cityName","operator":"LIKE","value":"H","text":"\u015eehir Ad\u0131 \u0130\u00e7erir H"}]
Search: ""
Order: [{"column":"id","dir":"asc"}]
WHERE clause: WHERE city.cityName LIKE ?
JOIN clause: LEFT JOIN country AS country_countryGuid ON city.countryGuid = country_countryGuid.guid
SELECT clause: city.*, city.countryGuid AS countryGuid_raw, COALESCE(country_countryGuid.nativeName, '') AS countryGuid
Count query: SELECT COUNT(DISTINCT city.id) as total FROM city LEFT JOIN country AS country_countryGuid ON city.countryGuid = country_countryGuid.guid WHERE city.cityName LIKE ?
Final query: SELECT city.*, city.countryGuid AS countryGuid_raw, COALESCE(country_countryGuid.nativeName, '') AS countryGuid FROM city LEFT JOIN country AS country_countryGuid ON city.countryGuid = country_countryGuid.guid WHERE city.cityName LIKE ? ORDER BY id asc LIMIT ?, ?
Final params: Array
(
    [0] => %H%
    [1] => 0
    [2] => 10
)

Table columns: ["id","guid","countryGuid","cityName","status"]
Processing column: countryGuid with relation: Array
(
    [table] => country
    [column] => guid
    [select] => nativeName
)

Joins array: ["LEFT JOIN country AS country_countryGuid ON city.countryGuid = country_countryGuid.guid"]
Select array: ["city.*","city.countryGuid AS countryGuid_raw","COALESCE(country_countryGuid.nativeName, '') AS countryGuid"]
Filters: []
Search: ""
Order: [{"column":"id","dir":"asc"}]
WHERE clause: 
JOIN clause: LEFT JOIN country AS country_countryGuid ON city.countryGuid = country_countryGuid.guid
SELECT clause: city.*, city.countryGuid AS countryGuid_raw, COALESCE(country_countryGuid.nativeName, '') AS countryGuid
Count query: SELECT COUNT(DISTINCT city.id) as total FROM city LEFT JOIN country AS country_countryGuid ON city.countryGuid = country_countryGuid.guid 
Final query: SELECT city.*, city.countryGuid AS countryGuid_raw, COALESCE(country_countryGuid.nativeName, '') AS countryGuid FROM city LEFT JOIN country AS country_countryGuid ON city.countryGuid = country_countryGuid.guid  ORDER BY id asc LIMIT ?, ?
Final params: Array
(
    [0] => 0
    [1] => 10
)

Table columns: ["id","guid","countryGuid","cityName","status"]
Processing column: countryGuid with relation: Array
(
    [table] => country
    [column] => guid
    [select] => nativeName
)

Joins array: ["LEFT JOIN country AS country_countryGuid ON city.countryGuid = country_countryGuid.guid"]
Select array: ["city.*","city.countryGuid AS countryGuid_raw","COALESCE(country_countryGuid.nativeName, '') AS countryGuid"]
Filters: []
Search: ""
Order: [{"column":"id","dir":"asc"}]
WHERE clause: 
JOIN clause: LEFT JOIN country AS country_countryGuid ON city.countryGuid = country_countryGuid.guid
SELECT clause: city.*, city.countryGuid AS countryGuid_raw, COALESCE(country_countryGuid.nativeName, '') AS countryGuid
Count query: SELECT COUNT(DISTINCT city.id) as total FROM city LEFT JOIN country AS country_countryGuid ON city.countryGuid = country_countryGuid.guid 
Final query: SELECT city.*, city.countryGuid AS countryGuid_raw, COALESCE(country_countryGuid.nativeName, '') AS countryGuid FROM city LEFT JOIN country AS country_countryGuid ON city.countryGuid = country_countryGuid.guid  ORDER BY id asc LIMIT ?, ?
Final params: Array
(
    [0] => 0
    [1] => 10
)

Table columns: ["id","guid","countryGuid","cityName","status"]
Processing column: countryGuid with relation: Array
(
    [table] => country
    [column] => guid
    [select] => nativeName
)

Joins array: ["LEFT JOIN country AS country_countryGuid ON city.countryGuid = country_countryGuid.guid"]
Select array: ["city.*","city.countryGuid AS countryGuid_raw","COALESCE(country_countryGuid.nativeName, '') AS countryGuid"]
Filters: []
Search: ""
Order: [{"column":"cityName","dir":"asc"}]
WHERE clause: 
JOIN clause: LEFT JOIN country AS country_countryGuid ON city.countryGuid = country_countryGuid.guid
SELECT clause: city.*, city.countryGuid AS countryGuid_raw, COALESCE(country_countryGuid.nativeName, '') AS countryGuid
Count query: SELECT COUNT(DISTINCT city.id) as total FROM city LEFT JOIN country AS country_countryGuid ON city.countryGuid = country_countryGuid.guid 
Final query: SELECT city.*, city.countryGuid AS countryGuid_raw, COALESCE(country_countryGuid.nativeName, '') AS countryGuid FROM city LEFT JOIN country AS country_countryGuid ON city.countryGuid = country_countryGuid.guid  ORDER BY cityName asc LIMIT ?, ?
Final params: Array
(
    [0] => 0
    [1] => 10
)

Table columns: ["id","guid","countryGuid","cityName","status"]
Processing column: countryGuid with relation: Array
(
    [table] => country
    [column] => guid
    [select] => nativeName
)

Joins array: ["LEFT JOIN country AS country_countryGuid ON city.countryGuid = country_countryGuid.guid"]
Select array: ["city.*","city.countryGuid AS countryGuid_raw","COALESCE(country_countryGuid.nativeName, '') AS countryGuid"]
Filters: []
Search: ""
Order: [{"column":"cityName","dir":"desc"}]
WHERE clause: 
JOIN clause: LEFT JOIN country AS country_countryGuid ON city.countryGuid = country_countryGuid.guid
SELECT clause: city.*, city.countryGuid AS countryGuid_raw, COALESCE(country_countryGuid.nativeName, '') AS countryGuid
Count query: SELECT COUNT(DISTINCT city.id) as total FROM city LEFT JOIN country AS country_countryGuid ON city.countryGuid = country_countryGuid.guid 
Final query: SELECT city.*, city.countryGuid AS countryGuid_raw, COALESCE(country_countryGuid.nativeName, '') AS countryGuid FROM city LEFT JOIN country AS country_countryGuid ON city.countryGuid = country_countryGuid.guid  ORDER BY cityName desc LIMIT ?, ?
Final params: Array
(
    [0] => 0
    [1] => 10
)

Table columns: ["id","guid","countryGuid","cityName","status"]
Processing column: countryGuid with relation: Array
(
    [table] => country
    [column] => guid
    [select] => nativeName
)

Joins array: ["LEFT JOIN country AS country_countryGuid ON city.countryGuid = country_countryGuid.guid"]
Select array: ["city.*","city.countryGuid AS countryGuid_raw","COALESCE(country_countryGuid.nativeName, '') AS countryGuid"]
Filters: []
Search: ""
Order: [{"column":"id","dir":"asc"}]
WHERE clause: 
JOIN clause: LEFT JOIN country AS country_countryGuid ON city.countryGuid = country_countryGuid.guid
SELECT clause: city.*, city.countryGuid AS countryGuid_raw, COALESCE(country_countryGuid.nativeName, '') AS countryGuid
Count query: SELECT COUNT(DISTINCT city.id) as total FROM city LEFT JOIN country AS country_countryGuid ON city.countryGuid = country_countryGuid.guid 
Final query: SELECT city.*, city.countryGuid AS countryGuid_raw, COALESCE(country_countryGuid.nativeName, '') AS countryGuid FROM city LEFT JOIN country AS country_countryGuid ON city.countryGuid = country_countryGuid.guid  ORDER BY id asc LIMIT ?, ?
Final params: Array
(
    [0] => 0
    [1] => 10
)

Table columns: ["id","guid","countryGuid","cityName","status"]
Processing column: countryGuid with relation: Array
(
    [table] => country
    [column] => guid
    [select] => nativeName
)

Joins array: ["LEFT JOIN country AS country_countryGuid ON city.countryGuid = country_countryGuid.guid"]
Select array: ["city.*","city.countryGuid AS countryGuid_raw","COALESCE(country_countryGuid.nativeName, '') AS countryGuid"]
Filters: [{"column":"id","operator":">","value":"5","text":"ID B\u00fcy\u00fckt\u00fcr 5"}]
Search: ""
Order: [{"column":"id","dir":"asc"}]
WHERE clause: WHERE city.id > ?
JOIN clause: LEFT JOIN country AS country_countryGuid ON city.countryGuid = country_countryGuid.guid
SELECT clause: city.*, city.countryGuid AS countryGuid_raw, COALESCE(country_countryGuid.nativeName, '') AS countryGuid
Count query: SELECT COUNT(DISTINCT city.id) as total FROM city LEFT JOIN country AS country_countryGuid ON city.countryGuid = country_countryGuid.guid WHERE city.id > ?
Final query: SELECT city.*, city.countryGuid AS countryGuid_raw, COALESCE(country_countryGuid.nativeName, '') AS countryGuid FROM city LEFT JOIN country AS country_countryGuid ON city.countryGuid = country_countryGuid.guid WHERE city.id > ? ORDER BY id asc LIMIT ?, ?
Final params: Array
(
    [0] => 5
    [1] => 0
    [2] => 10
)

Table columns: ["id","guid","countryGuid","cityName","status"]
Processing column: countryGuid with relation: Array
(
    [table] => country
    [column] => guid
    [select] => nativeName
)

Joins array: ["LEFT JOIN country AS country_countryGuid ON city.countryGuid = country_countryGuid.guid"]
Select array: ["city.*","city.countryGuid AS countryGuid_raw","COALESCE(country_countryGuid.nativeName, '') AS countryGuid"]
Filters: [{"column":"id","operator":">","value":"5","text":"ID B\u00fcy\u00fckt\u00fcr 5"},{"column":"id","operator":"<=","value":"12","text":"ID K\u00fc\u00e7\u00fck E\u015fittir 12"}]
Search: ""
Order: [{"column":"id","dir":"asc"}]
WHERE clause: WHERE city.id > ? AND city.id <= ?
JOIN clause: LEFT JOIN country AS country_countryGuid ON city.countryGuid = country_countryGuid.guid
SELECT clause: city.*, city.countryGuid AS countryGuid_raw, COALESCE(country_countryGuid.nativeName, '') AS countryGuid
Count query: SELECT COUNT(DISTINCT city.id) as total FROM city LEFT JOIN country AS country_countryGuid ON city.countryGuid = country_countryGuid.guid WHERE city.id > ? AND city.id <= ?
Final query: SELECT city.*, city.countryGuid AS countryGuid_raw, COALESCE(country_countryGuid.nativeName, '') AS countryGuid FROM city LEFT JOIN country AS country_countryGuid ON city.countryGuid = country_countryGuid.guid WHERE city.id > ? AND city.id <= ? ORDER BY id asc LIMIT ?, ?
Final params: Array
(
    [0] => 5
    [1] => 12
    [2] => 0
    [3] => 10
)

Table columns: ["id","guid","countryGuid","cityName","status"]
Processing column: countryGuid with relation: Array
(
    [table] => country
    [column] => guid
    [select] => nativeName
)

Joins array: ["LEFT JOIN country AS country_countryGuid ON city.countryGuid = country_countryGuid.guid"]
Select array: ["city.*","city.countryGuid AS countryGuid_raw","COALESCE(country_countryGuid.nativeName, '') AS countryGuid"]
Filters: [{"column":"id","operator":">","value":"5","text":"ID B\u00fcy\u00fckt\u00fcr 5"}]
Search: ""
Order: [{"column":"id","dir":"asc"}]
WHERE clause: WHERE city.id > ?
JOIN clause: LEFT JOIN country AS country_countryGuid ON city.countryGuid = country_countryGuid.guid
SELECT clause: city.*, city.countryGuid AS countryGuid_raw, COALESCE(country_countryGuid.nativeName, '') AS countryGuid
Count query: SELECT COUNT(DISTINCT city.id) as total FROM city LEFT JOIN country AS country_countryGuid ON city.countryGuid = country_countryGuid.guid WHERE city.id > ?
Final query: SELECT city.*, city.countryGuid AS countryGuid_raw, COALESCE(country_countryGuid.nativeName, '') AS countryGuid FROM city LEFT JOIN country AS country_countryGuid ON city.countryGuid = country_countryGuid.guid WHERE city.id > ? ORDER BY id asc LIMIT ?, ?
Final params: Array
(
    [0] => 5
    [1] => 0
    [2] => 10
)

Table columns: ["id","guid","countryGuid","cityName","status"]
Processing column: countryGuid with relation: Array
(
    [table] => country
    [column] => guid
    [select] => nativeName
)

Joins array: ["LEFT JOIN country AS country_countryGuid ON city.countryGuid = country_countryGuid.guid"]
Select array: ["city.*","city.countryGuid AS countryGuid_raw","COALESCE(country_countryGuid.nativeName, '') AS countryGuid"]
Filters: []
Search: ""
Order: [{"column":"id","dir":"asc"}]
WHERE clause: 
JOIN clause: LEFT JOIN country AS country_countryGuid ON city.countryGuid = country_countryGuid.guid
SELECT clause: city.*, city.countryGuid AS countryGuid_raw, COALESCE(country_countryGuid.nativeName, '') AS countryGuid
Count query: SELECT COUNT(DISTINCT city.id) as total FROM city LEFT JOIN country AS country_countryGuid ON city.countryGuid = country_countryGuid.guid 
Final query: SELECT city.*, city.countryGuid AS countryGuid_raw, COALESCE(country_countryGuid.nativeName, '') AS countryGuid FROM city LEFT JOIN country AS country_countryGuid ON city.countryGuid = country_countryGuid.guid  ORDER BY id asc LIMIT ?, ?
Final params: Array
(
    [0] => 0
    [1] => 10
)

Table columns: ["id","guid","countryGuid","cityName","status"]
Processing column: countryGuid with relation: Array
(
    [table] => country
    [column] => guid
    [select] => nativeName
)

Joins array: ["LEFT JOIN country AS country_countryGuid ON city.countryGuid = country_countryGuid.guid"]
Select array: ["city.*","city.countryGuid AS countryGuid_raw","COALESCE(country_countryGuid.nativeName, '') AS countryGuid"]
Filters: []
Search: ""
Order: [{"column":"id","dir":"asc"}]
WHERE clause: 
JOIN clause: LEFT JOIN country AS country_countryGuid ON city.countryGuid = country_countryGuid.guid
SELECT clause: city.*, city.countryGuid AS countryGuid_raw, COALESCE(country_countryGuid.nativeName, '') AS countryGuid
Count query: SELECT COUNT(DISTINCT city.id) as total FROM city LEFT JOIN country AS country_countryGuid ON city.countryGuid = country_countryGuid.guid 
Final query: SELECT city.*, city.countryGuid AS countryGuid_raw, COALESCE(country_countryGuid.nativeName, '') AS countryGuid FROM city LEFT JOIN country AS country_countryGuid ON city.countryGuid = country_countryGuid.guid  ORDER BY id asc LIMIT ?, ?
Final params: Array
(
    [0] => 0
    [1] => 10
)

Table columns: ["id","guid","countryGuid","cityName","status"]
Processing column: countryGuid with relation: Array
(
    [table] => country
    [column] => guid
    [select] => nativeName
)

Joins array: ["LEFT JOIN country AS country_countryGuid ON city.countryGuid = country_countryGuid.guid"]
Select array: ["city.*","city.countryGuid AS countryGuid_raw","COALESCE(country_countryGuid.nativeName, '') AS countryGuid"]
Filters: []
Search: ""
Order: [{"column":"id","dir":"asc"}]
WHERE clause: 
JOIN clause: LEFT JOIN country AS country_countryGuid ON city.countryGuid = country_countryGuid.guid
SELECT clause: city.*, city.countryGuid AS countryGuid_raw, COALESCE(country_countryGuid.nativeName, '') AS countryGuid
Count query: SELECT COUNT(DISTINCT city.id) as total FROM city LEFT JOIN country AS country_countryGuid ON city.countryGuid = country_countryGuid.guid 
Final query: SELECT city.*, city.countryGuid AS countryGuid_raw, COALESCE(country_countryGuid.nativeName, '') AS countryGuid FROM city LEFT JOIN country AS country_countryGuid ON city.countryGuid = country_countryGuid.guid  ORDER BY id asc LIMIT ?, ?
Final params: Array
(
    [0] => 0
    [1] => 10
)

Table columns: ["id","guid","countryGuid","cityName","status"]
Processing column: countryGuid with relation: Array
(
    [table] => country
    [column] => guid
    [select] => nativeName
)

Joins array: ["LEFT JOIN country AS country_countryGuid ON city.countryGuid = country_countryGuid.guid"]
Select array: ["city.*","city.countryGuid AS countryGuid_raw","COALESCE(country_countryGuid.nativeName, '') AS countryGuid"]
Filters: []
Search: ""
Order: [{"column":"id","dir":"asc"}]
WHERE clause: 
JOIN clause: LEFT JOIN country AS country_countryGuid ON city.countryGuid = country_countryGuid.guid
SELECT clause: city.*, city.countryGuid AS countryGuid_raw, COALESCE(country_countryGuid.nativeName, '') AS countryGuid
Count query: SELECT COUNT(DISTINCT city.id) as total FROM city LEFT JOIN country AS country_countryGuid ON city.countryGuid = country_countryGuid.guid 
Final query: SELECT city.*, city.countryGuid AS countryGuid_raw, COALESCE(country_countryGuid.nativeName, '') AS countryGuid FROM city LEFT JOIN country AS country_countryGuid ON city.countryGuid = country_countryGuid.guid  ORDER BY id asc LIMIT ?, ?
Final params: Array
(
    [0] => 0
    [1] => 10
)

Table columns: ["id","guid","countryGuid","cityName","status"]
Processing column: countryGuid with relation: Array
(
    [table] => country
    [column] => guid
    [select] => nativeName
)

Joins array: ["LEFT JOIN country AS country_countryGuid ON city.countryGuid = country_countryGuid.guid"]
Select array: ["city.*","city.countryGuid AS countryGuid_raw","COALESCE(country_countryGuid.nativeName, '') AS countryGuid"]
Filters: []
Search: ""
Order: [{"column":"id","dir":"asc"}]
WHERE clause: 
JOIN clause: LEFT JOIN country AS country_countryGuid ON city.countryGuid = country_countryGuid.guid
SELECT clause: city.*, city.countryGuid AS countryGuid_raw, COALESCE(country_countryGuid.nativeName, '') AS countryGuid
Count query: SELECT COUNT(DISTINCT city.id) as total FROM city LEFT JOIN country AS country_countryGuid ON city.countryGuid = country_countryGuid.guid 
Final query: SELECT city.*, city.countryGuid AS countryGuid_raw, COALESCE(country_countryGuid.nativeName, '') AS countryGuid FROM city LEFT JOIN country AS country_countryGuid ON city.countryGuid = country_countryGuid.guid  ORDER BY id asc LIMIT ?, ?
Final params: Array
(
    [0] => 0
    [1] => 10
)

Table columns: ["id","guid","countryGuid","cityName","status"]
Processing column: countryGuid with relation: Array
(
    [table] => country
    [column] => guid
    [select] => nativeName
)

Joins array: ["LEFT JOIN country AS country_countryGuid ON city.countryGuid = country_countryGuid.guid"]
Select array: ["city.*","city.countryGuid AS countryGuid_raw","COALESCE(country_countryGuid.nativeName, '') AS countryGuid"]
Filters: []
Search: ""
Order: [{"column":"id","dir":"asc"}]
WHERE clause: 
JOIN clause: LEFT JOIN country AS country_countryGuid ON city.countryGuid = country_countryGuid.guid
SELECT clause: city.*, city.countryGuid AS countryGuid_raw, COALESCE(country_countryGuid.nativeName, '') AS countryGuid
Count query: SELECT COUNT(DISTINCT city.id) as total FROM city LEFT JOIN country AS country_countryGuid ON city.countryGuid = country_countryGuid.guid 
Final query: SELECT city.*, city.countryGuid AS countryGuid_raw, COALESCE(country_countryGuid.nativeName, '') AS countryGuid FROM city LEFT JOIN country AS country_countryGuid ON city.countryGuid = country_countryGuid.guid  ORDER BY id asc LIMIT ?, ?
Final params: Array
(
    [0] => 0
    [1] => 10
)

Table columns: ["id","guid","countryGuid","cityName","status"]
Processing column: countryGuid with relation: Array
(
    [table] => country
    [column] => guid
    [select] => nativeName
)

Joins array: ["LEFT JOIN country AS country_countryGuid ON city.countryGuid = country_countryGuid.guid"]
Select array: ["city.*","city.countryGuid AS countryGuid_raw","COALESCE(country_countryGuid.nativeName, '') AS countryGuid"]
Filters: []
Search: ""
Order: [{"column":"id","dir":"asc"}]
WHERE clause: 
JOIN clause: LEFT JOIN country AS country_countryGuid ON city.countryGuid = country_countryGuid.guid
SELECT clause: city.*, city.countryGuid AS countryGuid_raw, COALESCE(country_countryGuid.nativeName, '') AS countryGuid
Count query: SELECT COUNT(DISTINCT city.id) as total FROM city LEFT JOIN country AS country_countryGuid ON city.countryGuid = country_countryGuid.guid 
Final query: SELECT city.*, city.countryGuid AS countryGuid_raw, COALESCE(country_countryGuid.nativeName, '') AS countryGuid FROM city LEFT JOIN country AS country_countryGuid ON city.countryGuid = country_countryGuid.guid  ORDER BY id asc LIMIT ?, ?
Final params: Array
(
    [0] => 0
    [1] => 10
)

